{"id":5,"type":"motion","model":"RE200B","properties":{"state":{"value":"false","unit":"binary"}}}
{"id":6,"type":"ultrasonic","model":"HC-SR04","properties":{"distance":{"value":12,"unit":"cm"}}}
{"id":1,"type":"temperature","model":"LM35","properties":{"temperature":{"value":22.95,"unit":"celcilus"}}}
{"id":2,"type":"push_button","model":"generic","properties":{"state":{"value":"false","unity":"binary"}}}
{"id":3,"type":"hygrometer","model":"DHT22","properties":{"humidity":{"value":56.40,"unit":"%"},"temperature":{"value":24.98,"unit":"celcius"}}}
{"id":4,"type":"triaxial_accelerometer","model":"MMA7361","properties":{"x_axis":{"value":-4.95,"unit":"g"},"y_axis":{"value":-5.00,"unit":"g"},"z_axis":{"value":-5.00,"unit":"g"}}}
{"id":5,"type":"motion","model":"RE200B","properties":{"state":{"value":"false","unit":"binary"}}}
{"id":6,"type":"ultrasonic","model":"HC-SR04","properties":{"distance":{"value":12,"unit":"cm"}}}
{"id":1,"type":"temperature","model":"LM35","properties":{"temperature":{"value":22.46,"unit":"celcilus"}}}
{"id":2,"type":"push_button","model":"generic","properties":{"state":{"value":"false","unity":"binary"}}}
{"id":3,"type":"hygrometer","model":"DHT22","properties":{"humidity":{"value":56.40,"unit":"%"},"temperature":{"value":24.98,"unit":"celcius"}}}
{"id":4,"type":"triaxial_accelerometer","model":"MMA7361","properties":{"x_axis":{"value":-4.96,"unit":"g"},"y_axis":{"value":-5.00,"unit":"g"},"z_axis":{"value":-5.00,"unit":"g"}}}
{"id":5,"type":"motion","model":"RE200B","properties":{"state":{"value":"false","unit":"binary"}}}
{"id":6,"type":"ultrasonic","model":"HC-SR04","properties":{"distance":{"value":12,"unit":"cm"}}}
{"id":1,"type":"temperature","model":"LM35","properties":{"temperature":{"value":22.95,"unit":"celcilus"}}}
{"id":2,"type":"push_button","model":"generic","properties":{"state":{"value":"false","unity":"binary"}}}
{"id":3,"type":"hygrometer","model":"DHT22","properties":{"humidity":{"value":56.40,"unit":"%"},"temperature":{"value":24.98,"unit":"celcius"}}}
{"id":4,"type":"triaxial_accelerometer","model":"MMA7361","properties":{"x_axis":{"value":-4.96,"unit":"g"},"y_axis":{"value":-5.00,"unit":"g"},"z_axis":{"value":-5.00,"unit":"g"}}}
{"id":5,"type":"motion","model":"RE200B","properties":{"state":{"value":"false","unit":"binary"}}}
{"id":6,"type":"ultrasonic","model":"HC-SR04","properties":{"distance":{"value":12,"unit":"cm"}}}
{"id":1,"type":"temperature","model":"LM35","properties":{"temperature":{"value":22.46,"unit":"celcilus"}}}
{"id":2,"type":"push_button","model":"generic","properties":{"state":{"value":"false","unity":"binary"}}}
{"id":3,"type":"hygrometer","model":"DHT22","properties":{"humidity":{"value":56.30,"unit":"%"},"temperature":{"value":24.98,"unit":"celcius"}}}
{"id":4,"type":"triaxial_accelerometer","model":"MMA7361","properties":{"x_axis":{"value":-4.95,"unit":"g"},"y_axis":{"value":-5.00,"unit":"g"},"z_axis":{"value":-5.00,"unit":"g"}}}
{"id":5,"type":"motion","model":"RE200B","properties":{"state":{"value":"true","unit":"binary"}}}
{"id":6,"type":"ultrasonic","model":"HC-SR04","properties":{"distance":{"value":12,"unit":"cm"}}}
{"id":1,"type":"temperature","model":"LM35","properties":{"temperature":{"value":22.95,"unit":"celcilus"}}}
{"id":2,"type":"push_button","model":"generic","properties":{"state":{"value":"false","unity":"binary"}}}
{"id":3,"type":"hygrometer","model":"DHT22","properties":{"humidity":{"value":56.30,"unit":"%"},"temperature":{"value":24.98,"unit":"celcius"}}}
{"id":4,"type":"triaxial_accelerometer","model":"MMA7361","properties":{"x_axis":{"value":-4.96,"unit":"g"},"y_axis":{"value":-5.00,"unit":"g"},"z_axis":{"value":-5.00,"unit":"g"}}}
{"id":5,"type":"motion","model":"RE200B","properties":{"state":{"value":"true","unit":"binary"}}}
{"id":6,"type":"ultrasonic","model":"HC-SR04","properties":{"distance":{"value":12,"unit":"cm"}}}
{"id":1,"type":"temperature","model":"LM35","properties":{"temperature":{"value":22.95,"unit":"celcilus"}}}
{"id":2,"type":"push_button","model":"generic","properties":{"state":{"value":"false","unity":"binary"}}}
{"id":3,"type":"hygrometer","model":"DHT22","properties":{"humidity":{"value":56.30,"unit":"%"},"temperature":{"value":24.98,"unit":"celcius"}}}
{"id":4,"type":"triaxial_accelerometer","model":"MMA7361","properties":{"x_axis":{"value":-4.95,"unit":"g"},"y_axis":{"value":-5.00,"unit":"g"},"z_axis":{"value":-5.00,"unit":"g"}}}
{"id":5,"type":"motion","model":"RE200B","properties":{"state":{"value":"true","unit":"binary"}}}
{"id":6,"type":"ultrasonic","model":"HC-SR04","properties":{"distance":{"value":12,"unit":"cm"}}}
